[+] Containers:
 |- [+] Container: /Game/Scenes/Wade
 |   |- [+] ActorDescs:
 |   |   |- Guid:014FC37646300E66F561928937B5225B BaseClass: NativeClass:/Script/Engine.StaticMeshActor Name:StaticMeshActor_UAID_B88584B4E8377F2602_1705505975 Label:SM_Cube2 SpatiallyLoaded:1 Bounds:IsValid=true, Min=(X=2000.000 Y=600.000 Z=-50.000), Max=(X=3200.000 Y=1800.000 Z=0.000) RuntimeGrid:None EditorOnly:0 RuntimeOnly:0 HLODRelevant:1 ListedInSceneOutliner:1 IsMainWorldOnly:0 FolderPath:Playground FolderGuid:6C02BB504B69D1F3D7A624B130C18E5B
 |   |   |- Guid:24DE3B704F6A1A734086BFA2F6FA9585 BaseClass: NativeClass:/Script/Engine.SkyLight Name:SkyLight_0 Label:SkyLight SpatiallyLoaded:0 Bounds:IsValid=true, Min=(X=0.000 Y=0.000 Z=690.000), Max=(X=0.000 Y=0.000 Z=690.000) RuntimeGrid:None EditorOnly:0 RuntimeOnly:0 HLODRelevant:0 ListedInSceneOutliner:1 IsMainWorldOnly:0 FolderPath:Lighting FolderGuid:0BA5F0A04EADB18E70D5B180D08FA34B
 |   |   |- Guid:2719DD6D457CCFD794F5279EF3AFA85A BaseClass: NativeClass:/Script/Engine.VolumetricCloud Name:VolumetricCloud_0 Label:VolumetricCloud SpatiallyLoaded:0 Bounds:IsValid=true, Min=(X=0.000 Y=0.000 Z=820.000), Max=(X=0.000 Y=0.000 Z=820.000) RuntimeGrid:None EditorOnly:0 RuntimeOnly:0 HLODRelevant:0 ListedInSceneOutliner:1 IsMainWorldOnly:0 FolderPath:Lighting FolderGuid:0BA5F0A04EADB18E70D5B180D08FA34B
 |   |   |- Guid:28CD6ACF47CCFEF01EEF4084E1FB64AB BaseClass: NativeClass:/Script/Engine.PostProcessVolume Name:PostProcessVolume_0 Label:PostProcessVolume SpatiallyLoaded:0 Bounds:IsValid=true, Min=(X=0.000 Y=0.000 Z=400.000), Max=(X=200.000 Y=200.000 Z=600.000) RuntimeGrid:None EditorOnly:0 RuntimeOnly:0 HLODRelevant:0 ListedInSceneOutliner:1 IsMainWorldOnly:0 FolderPath:Lighting FolderGuid:0BA5F0A04EADB18E70D5B180D08FA34B
 |   |   |- Guid:3D48484A46300BA9A67A94A31E641F3D BaseClass: NativeClass:/Script/Engine.StaticMeshActor Name:StaticMeshActor_0 Label:SM_Cube SpatiallyLoaded:1 Bounds:IsValid=true, Min=(X=0.000 Y=0.000 Z=-50.000), Max=(X=2000.000 Y=1800.000 Z=0.000) RuntimeGrid:None EditorOnly:0 RuntimeOnly:0 HLODRelevant:1 ListedInSceneOutliner:1 IsMainWorldOnly:0 FolderPath:Playground FolderGuid:6C02BB504B69D1F3D7A624B130C18E5B
 |   |   |- Guid:4229AA194F52A0B51CF9BFA90A086EA1 BaseClass: NativeClass:/Script/Engine.ExponentialHeightFog Name:ExponentialHeightFog_0 Label:ExponentialHeightFog SpatiallyLoaded:0 Bounds:IsValid=true, Min=(X=-5600.000 Y=-50.000 Z=-6850.000), Max=(X=-5600.000 Y=-50.000 Z=-6850.000) RuntimeGrid:None EditorOnly:0 RuntimeOnly:0 HLODRelevant:0 ListedInSceneOutliner:1 IsMainWorldOnly:0 FolderPath:Lighting FolderGuid:0BA5F0A04EADB18E70D5B180D08FA34B
 |   |   |- Guid:49DDD8E848DF3CE5D24120AB228D0450 BaseClass: NativeClass:/Script/Engine.DirectionalLight Name:DirectionalLight_1 Label:DirectionalLight SpatiallyLoaded:0 Bounds:Invalid RuntimeGrid:None EditorOnly:0 RuntimeOnly:0 HLODRelevant:0 ListedInSceneOutliner:1 IsMainWorldOnly:0 FolderPath:Lighting FolderGuid:0BA5F0A04EADB18E70D5B180D08FA34B
 |   |   |- Guid:52E81F08483B16112CC7B9A5529924B8 BaseClass: NativeClass:/Script/Engine.PlayerStart Name:PlayerStart_0 Label:PlayerStart SpatiallyLoaded:0 Bounds:IsValid=true, Min=(X=860.000 Y=810.000 Z=0.013), Max=(X=940.000 Y=890.000 Z=184.013) RuntimeGrid:None EditorOnly:0 RuntimeOnly:0 HLODRelevant:0 ListedInSceneOutliner:1 IsMainWorldOnly:0
 |   |   |- Guid:70703C1347E87A23DE2AD6A3BC2BE8F9 BaseClass: NativeClass:/Script/Engine.StaticMeshActor Name:StaticMeshActor_UAID_B88584B4E8377F2602_1819497977 Label:SM_Cube3 SpatiallyLoaded:1 Bounds:IsValid=true, Min=(X=3200.000 Y=600.000 Z=-50.000), Max=(X=4400.000 Y=800.000 Z=0.000) RuntimeGrid:None EditorOnly:0 RuntimeOnly:0 HLODRelevant:1 ListedInSceneOutliner:1 IsMainWorldOnly:0 FolderPath:Playground FolderGuid:6C02BB504B69D1F3D7A624B130C18E5B
 |   |   |- Guid:A006AC644D0E62F1BD3E9093F086C52E BaseClass: NativeClass:/Script/Engine.StaticMeshActor Name:StaticMeshActor_UAID_B88584B4E837802602_1083008157 Label:Cube2 SpatiallyLoaded:1 Bounds:IsValid=true, Min=(X=-200.000 Y=1400.000 Z=-200.000), Max=(X=0.000 Y=1600.000 Z=200.000) RuntimeGrid:None EditorOnly:0 RuntimeOnly:0 HLODRelevant:1 ListedInSceneOutliner:1 IsMainWorldOnly:0
 |   |   |- Guid:AE2586A4428A94AB8457E3B0BD10AB75 BaseClass: NativeClass:/Script/Engine.WorldDataLayers Name:WorldDataLayers Label:WorldDataLayers SpatiallyLoaded:0 Bounds:Invalid RuntimeGrid:None EditorOnly:0 RuntimeOnly:0 HLODRelevant:0 ListedInSceneOutliner:1 IsMainWorldOnly:1
 |   |   |- Guid:CA63FE254C6C1C81819B2A96299463A6 BaseClass: NativeClass:/Script/Engine.StaticMeshActor Name:StaticMeshActor_UAID_B88584B4E8377F2602_2003841978 Label:Cube SpatiallyLoaded:1 Bounds:IsValid=true, Min=(X=-200.000 Y=1600.000 Z=-200.000), Max=(X=0.000 Y=1800.000 Z=200.000) RuntimeGrid:None EditorOnly:0 RuntimeOnly:0 HLODRelevant:1 ListedInSceneOutliner:1 IsMainWorldOnly:0
 |   |   |- Guid:E506DA7E479B21E508A805A49A85CB68 BaseClass: NativeClass:/Script/Engine.StaticMeshActor Name:StaticMeshActor_UAID_A4AE111137DC5EFB00_2001720423 Label:SM_SkySphere SpatiallyLoaded:0 Bounds:IsValid=true, Min=(X=-1638400.000 Y=-1638400.000 Z=-1638400.000), Max=(X=1638400.000 Y=1638400.000 Z=1638400.000) RuntimeGrid:None EditorOnly:0 RuntimeOnly:0 HLODRelevant:0 ListedInSceneOutliner:1 IsMainWorldOnly:0 FolderPath:Lighting FolderGuid:0BA5F0A04EADB18E70D5B180D08FA34B
 |   |   |- Guid:FCE9B8C844896CC70FAAB4974BBCA046 BaseClass: NativeClass:/Script/Engine.SkyAtmosphere Name:SkyAtmosphere_0 Label:SkyAtmosphere SpatiallyLoaded:0 Bounds:IsValid=true, Min=(X=0.000 Y=0.000 Z=1020.000), Max=(X=0.000 Y=0.000 Z=1020.000) RuntimeGrid:None EditorOnly:0 RuntimeOnly:0 HLODRelevant:0 ListedInSceneOutliner:1 IsMainWorldOnly:0 FolderPath:Lighting FolderGuid:0BA5F0A04EADB18E70D5B180D08FA34B
 |   |- [+] Clusters:
 |   |   |- [+] [  0]
 |   |   |   |- Guid:014FC37646300E66F561928937B5225B BaseClass: NativeClass:/Script/Engine.StaticMeshActor Name:StaticMeshActor_UAID_B88584B4E8377F2602_1705505975 Label:SM_Cube2 SpatiallyLoaded:1 Bounds:IsValid=true, Min=(X=2000.000 Y=600.000 Z=-50.000), Max=(X=3200.000 Y=1800.000 Z=0.000) RuntimeGrid:None EditorOnly:0 RuntimeOnly:0 HLODRelevant:1 ListedInSceneOutliner:1 IsMainWorldOnly:0 FolderPath:Playground FolderGuid:6C02BB504B69D1F3D7A624B130C18E5B
 |   |   |- [+] [  1]
 |   |   |   |- Guid:24DE3B704F6A1A734086BFA2F6FA9585 BaseClass: NativeClass:/Script/Engine.SkyLight Name:SkyLight_0 Label:SkyLight SpatiallyLoaded:0 Bounds:IsValid=true, Min=(X=0.000 Y=0.000 Z=690.000), Max=(X=0.000 Y=0.000 Z=690.000) RuntimeGrid:None EditorOnly:0 RuntimeOnly:0 HLODRelevant:0 ListedInSceneOutliner:1 IsMainWorldOnly:0 FolderPath:Lighting FolderGuid:0BA5F0A04EADB18E70D5B180D08FA34B
 |   |   |- [+] [  2]
 |   |   |   |- Guid:2719DD6D457CCFD794F5279EF3AFA85A BaseClass: NativeClass:/Script/Engine.VolumetricCloud Name:VolumetricCloud_0 Label:VolumetricCloud SpatiallyLoaded:0 Bounds:IsValid=true, Min=(X=0.000 Y=0.000 Z=820.000), Max=(X=0.000 Y=0.000 Z=820.000) RuntimeGrid:None EditorOnly:0 RuntimeOnly:0 HLODRelevant:0 ListedInSceneOutliner:1 IsMainWorldOnly:0 FolderPath:Lighting FolderGuid:0BA5F0A04EADB18E70D5B180D08FA34B
 |   |   |- [+] [  3]
 |   |   |   |- Guid:28CD6ACF47CCFEF01EEF4084E1FB64AB BaseClass: NativeClass:/Script/Engine.PostProcessVolume Name:PostProcessVolume_0 Label:PostProcessVolume SpatiallyLoaded:0 Bounds:IsValid=true, Min=(X=0.000 Y=0.000 Z=400.000), Max=(X=200.000 Y=200.000 Z=600.000) RuntimeGrid:None EditorOnly:0 RuntimeOnly:0 HLODRelevant:0 ListedInSceneOutliner:1 IsMainWorldOnly:0 FolderPath:Lighting FolderGuid:0BA5F0A04EADB18E70D5B180D08FA34B
 |   |   |- [+] [  4]
 |   |   |   |- Guid:3D48484A46300BA9A67A94A31E641F3D BaseClass: NativeClass:/Script/Engine.StaticMeshActor Name:StaticMeshActor_0 Label:SM_Cube SpatiallyLoaded:1 Bounds:IsValid=true, Min=(X=0.000 Y=0.000 Z=-50.000), Max=(X=2000.000 Y=1800.000 Z=0.000) RuntimeGrid:None EditorOnly:0 RuntimeOnly:0 HLODRelevant:1 ListedInSceneOutliner:1 IsMainWorldOnly:0 FolderPath:Playground FolderGuid:6C02BB504B69D1F3D7A624B130C18E5B
 |   |   |- [+] [  5]
 |   |   |   |- Guid:4229AA194F52A0B51CF9BFA90A086EA1 BaseClass: NativeClass:/Script/Engine.ExponentialHeightFog Name:ExponentialHeightFog_0 Label:ExponentialHeightFog SpatiallyLoaded:0 Bounds:IsValid=true, Min=(X=-5600.000 Y=-50.000 Z=-6850.000), Max=(X=-5600.000 Y=-50.000 Z=-6850.000) RuntimeGrid:None EditorOnly:0 RuntimeOnly:0 HLODRelevant:0 ListedInSceneOutliner:1 IsMainWorldOnly:0 FolderPath:Lighting FolderGuid:0BA5F0A04EADB18E70D5B180D08FA34B
 |   |   |- [+] [  6]
 |   |   |   |- Guid:49DDD8E848DF3CE5D24120AB228D0450 BaseClass: NativeClass:/Script/Engine.DirectionalLight Name:DirectionalLight_1 Label:DirectionalLight SpatiallyLoaded:0 Bounds:Invalid RuntimeGrid:None EditorOnly:0 RuntimeOnly:0 HLODRelevant:0 ListedInSceneOutliner:1 IsMainWorldOnly:0 FolderPath:Lighting FolderGuid:0BA5F0A04EADB18E70D5B180D08FA34B
 |   |   |- [+] [  7]
 |   |   |   |- Guid:52E81F08483B16112CC7B9A5529924B8 BaseClass: NativeClass:/Script/Engine.PlayerStart Name:PlayerStart_0 Label:PlayerStart SpatiallyLoaded:0 Bounds:IsValid=true, Min=(X=860.000 Y=810.000 Z=0.013), Max=(X=940.000 Y=890.000 Z=184.013) RuntimeGrid:None EditorOnly:0 RuntimeOnly:0 HLODRelevant:0 ListedInSceneOutliner:1 IsMainWorldOnly:0
 |   |   |- [+] [  8]
 |   |   |   |- Guid:70703C1347E87A23DE2AD6A3BC2BE8F9 BaseClass: NativeClass:/Script/Engine.StaticMeshActor Name:StaticMeshActor_UAID_B88584B4E8377F2602_1819497977 Label:SM_Cube3 SpatiallyLoaded:1 Bounds:IsValid=true, Min=(X=3200.000 Y=600.000 Z=-50.000), Max=(X=4400.000 Y=800.000 Z=0.000) RuntimeGrid:None EditorOnly:0 RuntimeOnly:0 HLODRelevant:1 ListedInSceneOutliner:1 IsMainWorldOnly:0 FolderPath:Playground FolderGuid:6C02BB504B69D1F3D7A624B130C18E5B
 |   |   |- [+] [  9]
 |   |   |   |- Guid:A006AC644D0E62F1BD3E9093F086C52E BaseClass: NativeClass:/Script/Engine.StaticMeshActor Name:StaticMeshActor_UAID_B88584B4E837802602_1083008157 Label:Cube2 SpatiallyLoaded:1 Bounds:IsValid=true, Min=(X=-200.000 Y=1400.000 Z=-200.000), Max=(X=0.000 Y=1600.000 Z=200.000) RuntimeGrid:None EditorOnly:0 RuntimeOnly:0 HLODRelevant:1 ListedInSceneOutliner:1 IsMainWorldOnly:0
 |   |   |- [+] [ 10]
 |   |   |   |- Guid:AE2586A4428A94AB8457E3B0BD10AB75 BaseClass: NativeClass:/Script/Engine.WorldDataLayers Name:WorldDataLayers Label:WorldDataLayers SpatiallyLoaded:0 Bounds:Invalid RuntimeGrid:None EditorOnly:0 RuntimeOnly:0 HLODRelevant:0 ListedInSceneOutliner:1 IsMainWorldOnly:1
 |   |   |- [+] [ 11]
 |   |   |   |- Guid:CA63FE254C6C1C81819B2A96299463A6 BaseClass: NativeClass:/Script/Engine.StaticMeshActor Name:StaticMeshActor_UAID_B88584B4E8377F2602_2003841978 Label:Cube SpatiallyLoaded:1 Bounds:IsValid=true, Min=(X=-200.000 Y=1600.000 Z=-200.000), Max=(X=0.000 Y=1800.000 Z=200.000) RuntimeGrid:None EditorOnly:0 RuntimeOnly:0 HLODRelevant:1 ListedInSceneOutliner:1 IsMainWorldOnly:0
 |   |   |- [+] [ 12]
 |   |   |   |- Guid:E506DA7E479B21E508A805A49A85CB68 BaseClass: NativeClass:/Script/Engine.StaticMeshActor Name:StaticMeshActor_UAID_A4AE111137DC5EFB00_2001720423 Label:SM_SkySphere SpatiallyLoaded:0 Bounds:IsValid=true, Min=(X=-1638400.000 Y=-1638400.000 Z=-1638400.000), Max=(X=1638400.000 Y=1638400.000 Z=1638400.000) RuntimeGrid:None EditorOnly:0 RuntimeOnly:0 HLODRelevant:0 ListedInSceneOutliner:1 IsMainWorldOnly:0 FolderPath:Lighting FolderGuid:0BA5F0A04EADB18E70D5B180D08FA34B
 |   |   |- [+] [ 13]
 |   |   |   |- Guid:FCE9B8C844896CC70FAAB4974BBCA046 BaseClass: NativeClass:/Script/Engine.SkyAtmosphere Name:SkyAtmosphere_0 Label:SkyAtmosphere SpatiallyLoaded:0 Bounds:IsValid=true, Min=(X=0.000 Y=0.000 Z=1020.000), Max=(X=0.000 Y=0.000 Z=1020.000) RuntimeGrid:None EditorOnly:0 RuntimeOnly:0 HLODRelevant:0 ListedInSceneOutliner:1 IsMainWorldOnly:0 FolderPath:Lighting FolderGuid:0BA5F0A04EADB18E70D5B180D08FA34B
 |- ContainerInstances:
 |- [+] MainContainer:
 |   |-        ID: 00000000000000000000000000000000
 |   |-  ParentID: 00000000000000000000000000000000
 |   |-    Bounds: IsValid=false, Min=(X=0.000 Y=0.000 Z=0.000), Max=(X=0.000 Y=0.000 Z=0.000)
 |   |- Transform: 0.000000,0.000000,0.000000|0.000000,0.000000,-0.000000|1.000000,1.000000,1.000000
 |   |- Container: /Game/Scenes/Wade
----------------------------------------------------------------------------------------------------------------
Wade - Persistent Level
----------------------------------------------------------------------------------------------------------------
[+] Content of Wade Persistent Level
 |- Always loaded Actor Count: 14 
 |- Actor Path: /Game/Scenes/Wade.Wade:PersistentLevel.DirectionalLight_1
 |- Actor Package: /Game/__ExternalActors__/Scenes/Wade/2/QB/OLZ9VF4HM1MTE1IWBRONIY
 |- Actor Path: /Game/Scenes/Wade.Wade:PersistentLevel.ExponentialHeightFog_0
 |- Actor Package: /Game/__ExternalActors__/Scenes/Wade/0/JY/PK4RNQNM1IJ9TB37386FTR
 |- Actor Path: /Game/Scenes/Wade.Wade:PersistentLevel.PlayerStart_0
 |- Actor Package: /Game/__ExternalActors__/Scenes/Wade/D/LK/CA8ONK9SR41TWZDEISQ0BJ
 |- Actor Path: /Game/Scenes/Wade.Wade:PersistentLevel.PostProcessVolume_0
 |- Actor Package: /Game/__ExternalActors__/Scenes/Wade/A/YE/MW12ORT74FAEPMEY4TUBTY
 |- Actor Path: /Game/Scenes/Wade.Wade:PersistentLevel.SkyAtmosphere_0
 |- Actor Package: /Game/__ExternalActors__/Scenes/Wade/A/3H/OWCM3A6Y7VCRLNA4RG96QS
 |- Actor Path: /Game/Scenes/Wade.Wade:PersistentLevel.SkyLight_0
 |- Actor Package: /Game/__ExternalActors__/Scenes/Wade/5/IM/6I10WI28S8UB95TX2QZJB2
 |- Actor Path: /Game/Scenes/Wade.Wade:PersistentLevel.StaticMeshActor_0
 |- Actor Package: /Game/__ExternalActors__/Scenes/Wade/2/2W/G6PFRFFU85XZIEU9NJSLX8
 |- Actor Path: /Game/Scenes/Wade.Wade:PersistentLevel.StaticMeshActor_UAID_A4AE111137DC5EFB00_2001720423
 |- Actor Package: /Game/__ExternalActors__/Scenes/Wade/5/PW/PY1YB3IRRAF769B57058K8
 |- Actor Path: /Game/Scenes/Wade.Wade:PersistentLevel.StaticMeshActor_UAID_B88584B4E8377F2602_1705505975
 |- Actor Package: /Game/__ExternalActors__/Scenes/Wade/7/BD/815TJMDQCGMF71LGFQN649
 |- Actor Path: /Game/Scenes/Wade.Wade:PersistentLevel.StaticMeshActor_UAID_B88584B4E8377F2602_1819497977
 |- Actor Package: /Game/__ExternalActors__/Scenes/Wade/2/16/6FFT5UTQI1P6E33LWADEUN
 |- Actor Path: /Game/Scenes/Wade.Wade:PersistentLevel.StaticMeshActor_UAID_B88584B4E8377F2602_2003841978
 |- Actor Package: /Game/__ExternalActors__/Scenes/Wade/7/D6/CFKNGSXCD0DJSS7XWDLGS1
 |- Actor Path: /Game/Scenes/Wade.Wade:PersistentLevel.StaticMeshActor_UAID_B88584B4E837802602_1083008157
 |- Actor Package: /Game/__ExternalActors__/Scenes/Wade/1/P3/5FCPG8V4G6YDV65VY0P5PK
 |- Actor Path: /Game/Scenes/Wade.Wade:PersistentLevel.VolumetricCloud_0
 |- Actor Package: /Game/__ExternalActors__/Scenes/Wade/5/GN/XSEOIMY6XA4O4DH8U37US4
 |- Actor Path: /Game/Scenes/Wade.Wade:PersistentLevel.WorldDataLayers
 |- Actor Package: /Game/__ExternalActors__/Scenes/Wade/9/WL/QKYGCRLD48DL4JC1KZ3S19

----------------------------------------------------------------------------------------------------------------
Wade - Runtime Hash Set
----------------------------------------------------------------------------------------------------------------

